{
  "0 debug pnpm:scope": {
    "selected": 1,
    "workspacePrefix": "C:\\Users\\79854\\Desktop\\MultiSaas-UI-master"
  },
  "1 error pnpm": {
    "errno": 1,
    "code": "ELIFECYCLE",
    "pkgid": "@admin/admin@2.1.3",
    "stage": "dev",
    "script": "vite",
    "pkgname": "@admin/admin",
    "err": {
      "name": "pnpm",
      "message": "@admin/admin@2.1.3 dev: `vite`\nExit status 1",
      "code": "ELIFECYCLE",
      "stack": "pnpm: @admin/admin@2.1.3 dev: `vite`\nExit status 1\n    at EventEmitter.<anonymous> (D:\\node\\node_global\\node_modules\\pnpm\\dist\\pnpm.cjs:108415:20)\n    at EventEmitter.emit (node:events:537:28)\n    at ChildProcess.<anonymous> (D:\\node\\node_global\\node_modules\\pnpm\\dist\\pnpm.cjs:94981:18)\n    at ChildProcess.emit (node:events:537:28)\n    at maybeClose (node:internal/child_process:1091:16)\n    at ChildProcess._handle.onexit (node:internal/child_process:302:5)"
    }
  },
  "2 warn pnpm:global": " Local package.json exists, but node_modules missing, did you mean to install?"
}